<?xml version="1.0" encoding="UTF-8"?>
<testsuite name="Reto Tecnico" tests="1" skipped="0" failures="0" errors="0" timestamp="2022-08-02T20:15:10" hostname="CHMEPGD5KDL3" time="26.003">
  <properties/>
  <testcase name="Verify the pdf Autocertificacion unificado" classname="Reto Tecnico" time="26.003"/>
  <system-out><![CDATA[https://www.banistmo.com/wps/wcm/connect/www.banistmo.com11237/ad2e205d-52e5-477f-8eaa-26fc66d73509/PJ-Autocertificacion unificado- Fatca y CRS.pdf?MOD=AJPERES&CVID=mCx33X-https://www.banistmo.com/wps/wcm/connect/www.banistmo.com11237/ad2e205d-52e5-477f-8eaa-26fc66d73509/PJ Autocertificacion unificado- Fatca y CRS.pdf?MOD=AJPERES&CVID=mCx33X-
PJ-Autocertificacion unificado- Fatca y CRS.pdf
]]></system-out>
  <system-err><![CDATA[ago 02, 2022 3:15:11 PM org.openqa.selenium.remote.DesiredCapabilities chrome
INFORMACIÓN: Using `new ChromeOptions()` is preferred to `DesiredCapabilities.chrome()`
Starting ChromeDriver 103.0.5060.53 (a1711811edd74ff1cf2150f36ffa3b0dae40b17f-refs/branch-heads/5060@{#853}) on port 16113
Only local connections are allowed.
Please see https://chromedriver.chromium.org/security-considerations for suggestions on keeping ChromeDriver safe.
ChromeDriver was started successfully.
ago 02, 2022 3:15:12 PM org.openqa.selenium.remote.ProtocolHandshake createSession
INFORMACIÓN: Detected dialect: W3C
[Test worker] INFO net.serenitybdd.core.Serenity - 
        __    _____ _____ ____ _____   ____   _    ____  ____  _____ ____  
  _     \ \  |_   _| ____/ ___|_   _| |  _ \ / \  / ___|/ ___|| ____|  _ \ 
 (_)_____| |   | | |  _| \___ \ | |   | |_) / _ \ \___ \\___ \|  _| | | | |
  _|_____| |   | | | |___ ___) || |   |  __/ ___ \ ___) |___) | |___| |_| |
 (_)     | |   |_| |_____|____/ |_|   |_| /_/   \_\____/|____/|_____|____/ 
        /_/                                                                

TEST PASSED: Verify the pdf Autocertificacion unificado
----------------------------------------------------------------------------
]]></system-err>
</testsuite>
